AppGroup/KoobeeUsermanual/KoobeeUsermanual/proguard/mapping.txt
org.apache.tools.ant.filters.TokenFilter$ChainableReaderFilter -> org.apache.tools.ant.filters.TokenFilter$ChainableReaderFilter:
    boolean byLine -> byLine
    void setByLine(boolean) -> setByLine
    java.io.Reader chain(java.io.Reader) -> chain
org.apache.tools.ant.filters.TokenFilter$ContainsRegex -> org.apache.tools.ant.filters.TokenFilter$ContainsRegex:
    java.lang.String from -> from
    java.lang.String to -> to
    org.apache.tools.ant.types.RegularExpression regularExpression -> regularExpression
    org.apache.tools.ant.types.Substitution substitution -> substitution
    boolean initialized -> initialized
    java.lang.String flags -> flags
    int options -> options
    org.apache.tools.ant.util.regexp.Regexp regexp -> regexp
    void setPattern(java.lang.String) -> setPattern
    void setReplace(java.lang.String) -> setReplace
    void setFlags(java.lang.String) -> setFlags
    void initialize() -> initialize
    java.lang.String filter(java.lang.String) -> filter
org.apache.tools.ant.filters.TokenFilter$ContainsString -> org.apache.tools.ant.filters.TokenFilter$ContainsString:
    java.lang.String contains -> contains
    void setContains(java.lang.String) -> setContains
    java.lang.String filter(java.lang.String) -> filter
org.apache.tools.ant.filters.TokenFilter$DeleteCharacters -> org.apache.tools.ant.filters.TokenFilter$DeleteCharacters:
    java.lang.String deleteChars -> deleteChars
    void setChars(java.lang.String) -> setChars
    java.lang.String filter(java.lang.String) -> filter
    java.io.Reader chain(java.io.Reader) -> chain
    boolean isDeleteCharacter(char) -> isDeleteCharacter
    boolean access$000(org.apache.tools.ant.filters.TokenFilter$DeleteCharacters,char) -> access$000
org.apache.tools.ant.filters.TokenFilter$DeleteCharacters$1 -> org.apache.tools.ant.filters.TokenFilter$DeleteCharacters$1:
    org.apache.tools.ant.filters.TokenFilter$DeleteCharacters this$0 -> this$0
    int read() -> read
org.apache.tools.ant.filters.TokenFilter$FileTokenizer -> org.apache.tools.ant.filters.TokenFilter$FileTokenizer:
org.apache.tools.ant.filters.TokenFilter$Filter -> org.apache.tools.ant.filters.TokenFilter$Filter:
    java.lang.String filter(java.lang.String) -> filter
org.apache.tools.ant.filters.TokenFilter$IgnoreBlank -> org.apache.tools.ant.filters.TokenFilter$IgnoreBlank:
    java.lang.String filter(java.lang.String) -> filter
org.apache.tools.ant.filters.TokenFilter$ReplaceRegex -> org.apache.tools.ant.filters.TokenFilter$ReplaceRegex:
    java.lang.String from -> from
    java.lang.String to -> to
    org.apache.tools.ant.types.RegularExpression regularExpression -> regularExpression
    org.apache.tools.ant.types.Substitution substitution -> substitution
    boolean initialized -> initialized
    java.lang.String flags -> flags
    int options -> options
    org.apache.tools.ant.util.regexp.Regexp regexp -> regexp
    void setPattern(java.lang.String) -> setPattern
    void setReplace(java.lang.String) -> setReplace
    void setFlags(java.lang.String) -> setFlags
    void initialize() -> initialize
    java.lang.String filter(java.lang.String) -> filter
org.apache.tools.ant.filters.TokenFilter$ReplaceString -> org.apache.tools.ant.filters.TokenFilter$ReplaceString:
    java.lang.String from -> from
    java.lang.String to -> to
    void setFrom(java.lang.String) -> setFrom
    void setTo(java.lang.String) -> setTo
    java.lang.String filter(java.lang.String) -> filter
org.apache.tools.ant.filters.TokenFilter$StringTokenizer -> org.apache.tools.ant.filters.TokenFilter$StringTokenizer:
org.apache.tools.ant.filters.TokenFilter$Trim -> org.apache.tools.ant.filters.TokenFilter$Trim:
    java.lang.String filter(java.lang.String) -> filter