AppGroup/KoobeeUsermanual/KoobeeUsermanual/proguard/usage.txt
com.freeme.operationManual.BuildConfig
com.freeme.operationManual.R
com.freeme.operationManual.R$anim
com.freeme.operationManual.R$array
com.freeme.operationManual.R$attr
com.freeme.operationManual.R$color
com.freeme.operationManual.R$dimen
com.freeme.operationManual.R$drawable
com.freeme.operationManual.R$id
com.freeme.operationManual.R$layout
com.freeme.operationManual.R$string
com.freeme.operationManual.R$style
com.freeme.operationManual.folder.Folder:
    public static final java.lang.String DEF_VALUE
    public static final java.lang.String KEY
    public static final java.lang.String ROOT_CHINESE
    155:158:private java.lang.String getFolderNamePath()
    274:274:public java.lang.String getFilePath()
com.freeme.operationManual.model.ColumnInfo:
    private static final long serialVersionUID
    42:43:public void setmCurColumnPath(java.lang.String)
    47:48:public void setmCurPageName(java.lang.String)
    52:53:public void setmPageNameList(java.util.List)
com.freeme.operationManual.util.Utils:
    10:10:public Utils()
    21:25:public static java.lang.String getLocaleLanguage()